[2024-12-18 17:41:52] —————————————————————————————————————————————————————————————————————————————————————————————
[2024-12-18 17:41:52] Начало работы Open Server Panel
[2024-12-18 17:41:52] —————————————————————————————————————————————————————————————————————————————————————————————
[2024-12-18 17:41:52] Windows 10 (Version 22H2, OS Build 19045.5131, 64-bit Edition)
[2024-12-18 17:41:52] Open Server Panel v6.0.0 x64 05.05.2024 18:22:30
[2024-12-18 17:41:52] Запуск встроенного SMTP-сервера
[2024-12-18 17:41:52] Запуск встроенного веб-сервера
[2024-12-18 17:41:52] Инициализация переменных среды
[2024-12-18 17:41:52] Инициализация дополнений
[2024-12-18 17:41:52] Инициализация и запуск модулей
[2024-12-18 17:41:53] MySQL-5.6 (default): Инициализация модуля
[2024-12-18 17:41:53] MySQL-5.7 (default): Инициализация модуля
[2024-12-18 17:41:53] MySQL-8.2 (default): Инициализация модуля
[2024-12-18 17:41:53] Nginx-1.26 (default): Инициализация модуля
[2024-12-18 17:41:53] PHP-7.4 (default): Инициализация модуля
[2024-12-18 17:41:53] PHP-7.4-FCGI (default): Инициализация модуля
[2024-12-18 17:41:53] PHP-8.0 (default): Инициализация модуля
[2024-12-18 17:41:53] PHP-8.0-FCGI (default): Инициализация модуля
[2024-12-18 17:41:53] PHP-8.1-FCGI (default): Инициализация модуля
[2024-12-18 17:41:53] PHP-8.2 (default): Инициализация модуля
[2024-12-18 17:41:53] PHP-8.2-FCGI (default): Инициализация модуля
[2024-12-18 17:41:53] PHP-8.3 (default): Инициализация модуля
[2024-12-18 17:41:53] PHP-8.3-FCGI (default): Инициализация модуля
[2024-12-18 17:41:54] MySQL-8.0 (default): Рабочий процесс модуля запущен
[2024-12-18 17:41:54] PHP-8.1 (default): Рабочий процесс модуля запущен
[2024-12-18 19:03:32] PHP-8.1 (default): Рабочий процесс модуля остановлен
[2024-12-18 19:03:34] MySQL-8.0 (default): Рабочий процесс модуля остановлен
[2024-12-18 19:03:34] Работа программы завершена
