--------------------------------------------------------------------------------------------
[2024-12-18 17:41:53] Running MySQL-8.0 (default)
--------------------------------------------------------------------------------------------
2024-12-18T14:41:54.930173-00:00 0 [Note] [MY-013667] [Server] Error-log destination "stderr" is not a file. Can not restore error log messages from previous run.
2024-12-18T14:41:54.714133-00:00 0 [Note] [MY-013847] [Server] Using jemalloc.dll for my_malloc and ut::malloc etc.
2024-12-18T14:41:54.869994-00:00 0 [Note] [MY-010949] [Server] Basedir set to E:\Server\OSPanel\modules\MySQL-8.0\.
2024-12-18T14:41:54.870370-00:00 0 [System] [MY-010116] [Server] E:\Server\OSPanel\modules\MySQL-8.0\bin\mysqld.exe (mysqld 8.0.35) starting as process 21576
2024-12-18T14:41:54.946020-00:00 0 [Note] [MY-012366] [InnoDB] Using Windows native AIO
2024-12-18T14:41:54.950790-00:00 0 [Note] [MY-010747] [Server] Plugin 'FEDERATED' is disabled.
2024-12-18T14:41:54.951710-00:00 0 [Note] [MY-010747] [Server] Plugin 'ndbcluster' is disabled.
2024-12-18T14:41:54.951748-00:00 0 [Note] [MY-010747] [Server] Plugin 'ndbinfo' is disabled.
2024-12-18T14:41:54.951761-00:00 0 [Note] [MY-010747] [Server] Plugin 'ndb_transid_mysql_connection_map' is disabled.
2024-12-18T14:41:54.969237-00:00 1 [System] [MY-013576] [InnoDB] InnoDB initialization has started.
2024-12-18T14:41:54.969512-00:00 1 [Note] [MY-013546] [InnoDB] Atomic write enabled
2024-12-18T14:41:54.978137-00:00 1 [Note] [MY-012944] [InnoDB] Uses event mutexes
2024-12-18T14:41:54.978516-00:00 1 [Note] [MY-012945] [InnoDB] _mm_lfence() and _mm_sfence() are used for memory barrier
2024-12-18T14:41:54.978567-00:00 1 [Note] [MY-012948] [InnoDB] Compressed tables use zlib 1.2.13
2024-12-18T14:41:54.987402-00:00 1 [Note] [MY-012951] [InnoDB] Using hardware accelerated crc32 and polynomial multiplication.
2024-12-18T14:41:54.989911-00:00 1 [Note] [MY-012203] [InnoDB] Directories to scan '.\'
2024-12-18T14:41:54.991160-00:00 1 [Note] [MY-012204] [InnoDB] Scanning '.\'
2024-12-18T14:41:55.227851-00:00 1 [Note] [MY-012208] [InnoDB] Completed space ID check of 28 files.
2024-12-18T14:41:55.228880-00:00 1 [Note] [MY-012955] [InnoDB] Initializing buffer pool, total size = 256.000000M, instances = 1, chunk size =128.000000M 
2024-12-18T14:41:55.239455-00:00 1 [Note] [MY-012957] [InnoDB] Completed initialization of buffer pool
2024-12-18T14:41:55.256508-00:00 1 [Note] [MY-013532] [InnoDB] Using '.\#ib_16384_0.dblwr' for doublewrite
2024-12-18T14:41:55.267572-00:00 1 [Note] [MY-013532] [InnoDB] Using '.\#ib_16384_1.dblwr' for doublewrite
2024-12-18T14:41:55.295363-00:00 1 [Note] [MY-013566] [InnoDB] Double write buffer files: 2
2024-12-18T14:41:55.295396-00:00 1 [Note] [MY-013565] [InnoDB] Double write buffer pages per instance: 4
2024-12-18T14:41:55.295576-00:00 1 [Note] [MY-013532] [InnoDB] Using '.\#ib_16384_0.dblwr' for doublewrite
2024-12-18T14:41:55.295740-00:00 1 [Note] [MY-013532] [InnoDB] Using '.\#ib_16384_1.dblwr' for doublewrite
2024-12-18T14:41:55.349511-00:00 1 [Note] [MY-013883] [InnoDB] The latest found checkpoint is at lsn = 383583594 in redo log file .\#innodb_redo\#ib_redo117.
2024-12-18T14:41:55.353472-00:00 1 [Note] [MY-013086] [InnoDB] Starting to parse redo log at lsn = 383583278, whereas checkpoint_lsn = 383583594 and start_lsn = 383583232
2024-12-18T14:41:55.361677-00:00 1 [Note] [MY-013083] [InnoDB] Log background threads are being started...
2024-12-18T14:41:55.408562-00:00 1 [Note] [MY-012532] [InnoDB] Applying a batch of 0 redo log records ...
2024-12-18T14:41:55.408600-00:00 1 [Note] [MY-012535] [InnoDB] Apply batch completed!
2024-12-18T14:41:55.409839-00:00 1 [Note] [MY-013252] [InnoDB] Using undo tablespace '.\undo_001'.
2024-12-18T14:41:55.415473-00:00 1 [Note] [MY-013252] [InnoDB] Using undo tablespace '.\undo_002'.
2024-12-18T14:41:55.424600-00:00 1 [Note] [MY-012910] [InnoDB] Opened 2 existing undo tablespaces.
2024-12-18T14:41:55.425088-00:00 1 [Note] [MY-011980] [InnoDB] GTID recovery trx_no: 368811
2024-12-18T14:41:55.715860-00:00 1 [Note] [MY-013776] [InnoDB] Parallel initialization of rseg complete
2024-12-18T14:41:55.716200-00:00 1 [Note] [MY-013777] [InnoDB] Time taken to initialize rseg using 4 thread: 291124 ms.
2024-12-18T14:41:55.716354-00:00 1 [Note] [MY-012923] [InnoDB] Creating shared tablespace for temporary tables
2024-12-18T14:41:55.716606-00:00 1 [Note] [MY-012265] [InnoDB] Setting file 'E:\Server\OSPanel\data\MySQL-8.0\default\ibtmp1' size to 12 MB. Physically writing the file full; Please wait ...
2024-12-18T14:41:55.751994-00:00 1 [Note] [MY-012266] [InnoDB] File 'E:\Server\OSPanel\data\MySQL-8.0\default\ibtmp1' size is now 12 MB.
2024-12-18T14:41:55.768627-00:00 1 [Note] [MY-013627] [InnoDB] Scanning temp tablespace dir:'.\#innodb_temp\'
2024-12-18T14:41:55.844725-00:00 1 [Note] [MY-013018] [InnoDB] Created 128 and tracked 128 new rollback segment(s) in the temporary tablespace. 128 are now active.
2024-12-18T14:41:55.849741-00:00 1 [Note] [MY-012976] [InnoDB] 8.0.35 started; log sequence number 383583604
2024-12-18T14:41:55.854203-00:00 1 [System] [MY-013577] [InnoDB] InnoDB initialization has ended.
2024-12-18T14:41:55.903383-00:00 1 [Note] [MY-011089] [Server] Data dictionary restarting version '80023'.
2024-12-18T14:41:56.073499-00:00 1 [Note] [MY-012357] [InnoDB] Reading DD tablespace files
2024-12-18T14:41:56.105714-00:00 1 [Note] [MY-012356] [InnoDB] Scanned 30 tablespaces. Validated 30.
2024-12-18T14:41:56.126121-00:00 1 [Note] [MY-010006] [Server] Using data dictionary with version '80023'.
2024-12-18T14:41:56.147395-00:00 0 [Note] [MY-011323] [Server] Plugin mysqlx reported: 'X Plugin ready for connections. bind-address: '127.127.126.26' port: 33060'
2024-12-18T14:41:56.198791-00:00 0 [Note] [MY-013911] [Server] Crash recovery finished in InnoDB engine. No attempts to commit, rollback or prepare any transactions.
2024-12-18T14:41:56.202914-00:00 0 [Note] [MY-012487] [InnoDB] DDL log recovery : begin
2024-12-18T14:41:56.203665-00:00 0 [Note] [MY-012488] [InnoDB] DDL log recovery : end
2024-12-18T14:41:56.204053-00:00 0 [Note] [MY-011946] [InnoDB] Loading buffer pool(s) from E:\Server\OSPanel\data\MySQL-8.0\default\ib_buffer_pool
2024-12-18T14:41:56.260776-00:00 0 [Note] [MY-010303] [Server] Skipping generation of SSL certificates as options related to SSL are specified.
2024-12-18T14:41:56.734526-00:00 0 [Note] [MY-011946] [InnoDB] Buffer pool(s) load completed at 241218 17:41:56
2024-12-18T14:41:56.750790-00:00 0 [Warning] [MY-010068] [Server] CA certificate E:/Server/OSPanel/data/ssl/root/cert.crt is self signed.
2024-12-18T14:41:56.750861-00:00 0 [System] [MY-013602] [Server] Channel mysql_main configured to support TLS. Encrypted connections are now supported for this channel.
2024-12-18T14:41:56.751363-00:00 0 [Note] [MY-010308] [Server] Skipping generation of RSA key pair through --sha256_password_auto_generate_rsa_keys as key files are present in data directory.
2024-12-18T14:41:56.751719-00:00 0 [Note] [MY-010308] [Server] Skipping generation of RSA key pair through --caching_sha2_password_auto_generate_rsa_keys as key files are present in data directory.
2024-12-18T14:41:56.773070-00:00 0 [Note] [MY-010252] [Server] Server hostname (bind-address): '127.127.126.26'; port: 3306
2024-12-18T14:41:56.773114-00:00 0 [Note] [MY-010264] [Server]   - '127.127.126.26' resolves to '127.127.126.26';
2024-12-18T14:41:56.773169-00:00 0 [Note] [MY-010251] [Server] Server socket created on IP: '127.127.126.26'.
2024-12-18T14:41:56.818432-00:00 0 [Note] [MY-011025] [Repl] Failed to start replica threads for channel ''.
2024-12-18T14:41:56.821571-00:00 5 [Note] [MY-010051] [Server] Event Scheduler: scheduler thread started with id 5
2024-12-18T14:41:56.821910-00:00 0 [Note] [MY-011241] [Server] Plugin mysqlx reported: 'Using SSL configuration from Mysqlx Plugin'
2024-12-18T14:41:56.826669-00:00 0 [Note] [MY-011243] [Server] Plugin mysqlx reported: 'Using OpenSSL for TLS connections'
2024-12-18T14:41:56.827945-00:00 0 [System] [MY-011323] [Server] X Plugin ready for connections. Bind-address: '127.127.126.26' port: 33060
2024-12-18T14:41:56.826941-00:00 0 [System] [MY-010931] [Server] E:\Server\OSPanel\modules\MySQL-8.0\bin\mysqld.exe: ready for connections. Version: '8.0.35'  socket: ''  port: 3306  MySQL Community Server - GPL.
2024-12-18T14:42:07.382521-00:00 8 [Warning] [MY-013360] [Server] Plugin mysql_native_password reported: ''mysql_native_password' is deprecated and will be removed in a future release. Please use caching_sha2_password instead'
2024-12-18T14:42:13.135880-00:00 9 [Warning] [MY-013360] [Server] Plugin mysql_native_password reported: ''mysql_native_password' is deprecated and will be removed in a future release. Please use caching_sha2_password instead'
2024-12-18T14:43:03.831913-00:00 10 [Warning] [MY-013360] [Server] Plugin mysql_native_password reported: ''mysql_native_password' is deprecated and will be removed in a future release. Please use caching_sha2_password instead'
2024-12-18T14:43:05.616408-00:00 11 [Warning] [MY-013360] [Server] Plugin mysql_native_password reported: ''mysql_native_password' is deprecated and will be removed in a future release. Please use caching_sha2_password instead'
2024-12-18T14:43:19.149251-00:00 12 [Warning] [MY-013360] [Server] Plugin mysql_native_password reported: ''mysql_native_password' is deprecated and will be removed in a future release. Please use caching_sha2_password instead'
2024-12-18T14:43:24.130491-00:00 13 [Warning] [MY-013360] [Server] Plugin mysql_native_password reported: ''mysql_native_password' is deprecated and will be removed in a future release. Please use caching_sha2_password instead'
2024-12-18T14:43:26.980477-00:00 14 [Warning] [MY-013360] [Server] Plugin mysql_native_password reported: ''mysql_native_password' is deprecated and will be removed in a future release. Please use caching_sha2_password instead'
2024-12-18T14:43:27.902665-00:00 15 [Warning] [MY-013360] [Server] Plugin mysql_native_password reported: ''mysql_native_password' is deprecated and will be removed in a future release. Please use caching_sha2_password instead'
2024-12-18T14:43:32.308946-00:00 16 [Warning] [MY-013360] [Server] Plugin mysql_native_password reported: ''mysql_native_password' is deprecated and will be removed in a future release. Please use caching_sha2_password instead'
2024-12-18T14:43:39.403374-00:00 17 [Warning] [MY-013360] [Server] Plugin mysql_native_password reported: ''mysql_native_password' is deprecated and will be removed in a future release. Please use caching_sha2_password instead'
2024-12-18T14:43:39.551181-00:00 18 [Warning] [MY-013360] [Server] Plugin mysql_native_password reported: ''mysql_native_password' is deprecated and will be removed in a future release. Please use caching_sha2_password instead'
2024-12-18T14:43:39.556117-00:00 19 [Warning] [MY-013360] [Server] Plugin mysql_native_password reported: ''mysql_native_password' is deprecated and will be removed in a future release. Please use caching_sha2_password instead'
2024-12-18T14:43:39.615390-00:00 20 [Warning] [MY-013360] [Server] Plugin mysql_native_password reported: ''mysql_native_password' is deprecated and will be removed in a future release. Please use caching_sha2_password instead'
2024-12-18T14:43:39.689754-00:00 21 [Warning] [MY-013360] [Server] Plugin mysql_native_password reported: ''mysql_native_password' is deprecated and will be removed in a future release. Please use caching_sha2_password instead'
2024-12-18T14:43:40.035561-00:00 22 [Warning] [MY-013360] [Server] Plugin mysql_native_password reported: ''mysql_native_password' is deprecated and will be removed in a future release. Please use caching_sha2_password instead'
2024-12-18T14:43:42.983553-00:00 23 [Warning] [MY-013360] [Server] Plugin mysql_native_password reported: ''mysql_native_password' is deprecated and will be removed in a future release. Please use caching_sha2_password instead'
2024-12-18T14:43:44.016597-00:00 24 [Warning] [MY-013360] [Server] Plugin mysql_native_password reported: ''mysql_native_password' is deprecated and will be removed in a future release. Please use caching_sha2_password instead'
2024-12-18T14:43:44.085442-00:00 25 [Warning] [MY-013360] [Server] Plugin mysql_native_password reported: ''mysql_native_password' is deprecated and will be removed in a future release. Please use caching_sha2_password instead'
2024-12-18T14:43:47.127027-00:00 26 [Warning] [MY-013360] [Server] Plugin mysql_native_password reported: ''mysql_native_password' is deprecated and will be removed in a future release. Please use caching_sha2_password instead'
2024-12-18T14:43:47.361153-00:00 27 [Warning] [MY-013360] [Server] Plugin mysql_native_password reported: ''mysql_native_password' is deprecated and will be removed in a future release. Please use caching_sha2_password instead'
2024-12-18T14:43:47.405736-00:00 28 [Warning] [MY-013360] [Server] Plugin mysql_native_password reported: ''mysql_native_password' is deprecated and will be removed in a future release. Please use caching_sha2_password instead'
2024-12-18T14:43:50.151292-00:00 29 [Warning] [MY-013360] [Server] Plugin mysql_native_password reported: ''mysql_native_password' is deprecated and will be removed in a future release. Please use caching_sha2_password instead'
2024-12-18T14:43:54.639254-00:00 30 [Warning] [MY-013360] [Server] Plugin mysql_native_password reported: ''mysql_native_password' is deprecated and will be removed in a future release. Please use caching_sha2_password instead'
2024-12-18T14:43:54.835369-00:00 31 [Warning] [MY-013360] [Server] Plugin mysql_native_password reported: ''mysql_native_password' is deprecated and will be removed in a future release. Please use caching_sha2_password instead'
2024-12-18T14:43:56.171803-00:00 32 [Warning] [MY-013360] [Server] Plugin mysql_native_password reported: ''mysql_native_password' is deprecated and will be removed in a future release. Please use caching_sha2_password instead'
2024-12-18T14:44:20.343176-00:00 33 [Warning] [MY-013360] [Server] Plugin mysql_native_password reported: ''mysql_native_password' is deprecated and will be removed in a future release. Please use caching_sha2_password instead'
2024-12-18T14:44:21.297699-00:00 34 [Warning] [MY-013360] [Server] Plugin mysql_native_password reported: ''mysql_native_password' is deprecated and will be removed in a future release. Please use caching_sha2_password instead'
2024-12-18T14:45:55.804090-00:00 35 [Warning] [MY-013360] [Server] Plugin mysql_native_password reported: ''mysql_native_password' is deprecated and will be removed in a future release. Please use caching_sha2_password instead'
2024-12-18T14:45:56.661361-00:00 36 [Warning] [MY-013360] [Server] Plugin mysql_native_password reported: ''mysql_native_password' is deprecated and will be removed in a future release. Please use caching_sha2_password instead'
2024-12-18T14:47:56.803284-00:00 37 [Warning] [MY-013360] [Server] Plugin mysql_native_password reported: ''mysql_native_password' is deprecated and will be removed in a future release. Please use caching_sha2_password instead'
2024-12-18T14:47:57.666087-00:00 38 [Warning] [MY-013360] [Server] Plugin mysql_native_password reported: ''mysql_native_password' is deprecated and will be removed in a future release. Please use caching_sha2_password instead'
2024-12-18T14:49:57.818039-00:00 39 [Warning] [MY-013360] [Server] Plugin mysql_native_password reported: ''mysql_native_password' is deprecated and will be removed in a future release. Please use caching_sha2_password instead'
2024-12-18T14:49:58.666838-00:00 40 [Warning] [MY-013360] [Server] Plugin mysql_native_password reported: ''mysql_native_password' is deprecated and will be removed in a future release. Please use caching_sha2_password instead'
2024-12-18T14:51:58.803015-00:00 41 [Warning] [MY-013360] [Server] Plugin mysql_native_password reported: ''mysql_native_password' is deprecated and will be removed in a future release. Please use caching_sha2_password instead'
2024-12-18T14:51:59.683378-00:00 42 [Warning] [MY-013360] [Server] Plugin mysql_native_password reported: ''mysql_native_password' is deprecated and will be removed in a future release. Please use caching_sha2_password instead'
2024-12-18T14:53:59.793528-00:00 43 [Warning] [MY-013360] [Server] Plugin mysql_native_password reported: ''mysql_native_password' is deprecated and will be removed in a future release. Please use caching_sha2_password instead'
2024-12-18T14:54:00.646406-00:00 44 [Warning] [MY-013360] [Server] Plugin mysql_native_password reported: ''mysql_native_password' is deprecated and will be removed in a future release. Please use caching_sha2_password instead'
2024-12-18T14:56:00.809020-00:00 45 [Warning] [MY-013360] [Server] Plugin mysql_native_password reported: ''mysql_native_password' is deprecated and will be removed in a future release. Please use caching_sha2_password instead'
2024-12-18T14:56:01.865410-00:00 46 [Warning] [MY-013360] [Server] Plugin mysql_native_password reported: ''mysql_native_password' is deprecated and will be removed in a future release. Please use caching_sha2_password instead'
2024-12-18T14:58:01.816140-00:00 47 [Warning] [MY-013360] [Server] Plugin mysql_native_password reported: ''mysql_native_password' is deprecated and will be removed in a future release. Please use caching_sha2_password instead'
2024-12-18T14:58:02.770389-00:00 48 [Warning] [MY-013360] [Server] Plugin mysql_native_password reported: ''mysql_native_password' is deprecated and will be removed in a future release. Please use caching_sha2_password instead'
2024-12-18T15:00:02.811932-00:00 49 [Warning] [MY-013360] [Server] Plugin mysql_native_password reported: ''mysql_native_password' is deprecated and will be removed in a future release. Please use caching_sha2_password instead'
2024-12-18T15:00:03.743883-00:00 50 [Warning] [MY-013360] [Server] Plugin mysql_native_password reported: ''mysql_native_password' is deprecated and will be removed in a future release. Please use caching_sha2_password instead'
2024-12-18T15:02:03.794669-00:00 51 [Warning] [MY-013360] [Server] Plugin mysql_native_password reported: ''mysql_native_password' is deprecated and will be removed in a future release. Please use caching_sha2_password instead'
2024-12-18T15:02:04.667931-00:00 52 [Warning] [MY-013360] [Server] Plugin mysql_native_password reported: ''mysql_native_password' is deprecated and will be removed in a future release. Please use caching_sha2_password instead'
2024-12-18T15:04:04.827105-00:00 53 [Warning] [MY-013360] [Server] Plugin mysql_native_password reported: ''mysql_native_password' is deprecated and will be removed in a future release. Please use caching_sha2_password instead'
2024-12-18T15:04:05.856025-00:00 54 [Warning] [MY-013360] [Server] Plugin mysql_native_password reported: ''mysql_native_password' is deprecated and will be removed in a future release. Please use caching_sha2_password instead'
2024-12-18T15:06:05.804027-00:00 55 [Warning] [MY-013360] [Server] Plugin mysql_native_password reported: ''mysql_native_password' is deprecated and will be removed in a future release. Please use caching_sha2_password instead'
2024-12-18T15:06:06.806923-00:00 56 [Warning] [MY-013360] [Server] Plugin mysql_native_password reported: ''mysql_native_password' is deprecated and will be removed in a future release. Please use caching_sha2_password instead'
2024-12-18T15:08:06.836601-00:00 57 [Warning] [MY-013360] [Server] Plugin mysql_native_password reported: ''mysql_native_password' is deprecated and will be removed in a future release. Please use caching_sha2_password instead'
2024-12-18T15:08:08.645291-00:00 58 [Warning] [MY-013360] [Server] Plugin mysql_native_password reported: ''mysql_native_password' is deprecated and will be removed in a future release. Please use caching_sha2_password instead'
2024-12-18T15:10:07.795421-00:00 59 [Warning] [MY-013360] [Server] Plugin mysql_native_password reported: ''mysql_native_password' is deprecated and will be removed in a future release. Please use caching_sha2_password instead'
2024-12-18T15:10:08.814488-00:00 60 [Warning] [MY-013360] [Server] Plugin mysql_native_password reported: ''mysql_native_password' is deprecated and will be removed in a future release. Please use caching_sha2_password instead'
2024-12-18T15:12:08.812613-00:00 61 [Warning] [MY-013360] [Server] Plugin mysql_native_password reported: ''mysql_native_password' is deprecated and will be removed in a future release. Please use caching_sha2_password instead'
2024-12-18T15:12:09.724589-00:00 62 [Warning] [MY-013360] [Server] Plugin mysql_native_password reported: ''mysql_native_password' is deprecated and will be removed in a future release. Please use caching_sha2_password instead'
2024-12-18T15:14:09.819543-00:00 63 [Warning] [MY-013360] [Server] Plugin mysql_native_password reported: ''mysql_native_password' is deprecated and will be removed in a future release. Please use caching_sha2_password instead'
2024-12-18T15:14:10.772475-00:00 64 [Warning] [MY-013360] [Server] Plugin mysql_native_password reported: ''mysql_native_password' is deprecated and will be removed in a future release. Please use caching_sha2_password instead'
2024-12-18T15:16:10.819431-00:00 65 [Warning] [MY-013360] [Server] Plugin mysql_native_password reported: ''mysql_native_password' is deprecated and will be removed in a future release. Please use caching_sha2_password instead'
2024-12-18T15:16:11.791928-00:00 66 [Warning] [MY-013360] [Server] Plugin mysql_native_password reported: ''mysql_native_password' is deprecated and will be removed in a future release. Please use caching_sha2_password instead'
2024-12-18T15:18:11.796076-00:00 67 [Warning] [MY-013360] [Server] Plugin mysql_native_password reported: ''mysql_native_password' is deprecated and will be removed in a future release. Please use caching_sha2_password instead'
2024-12-18T15:18:12.710430-00:00 68 [Warning] [MY-013360] [Server] Plugin mysql_native_password reported: ''mysql_native_password' is deprecated and will be removed in a future release. Please use caching_sha2_password instead'
2024-12-18T15:20:12.815602-00:00 69 [Warning] [MY-013360] [Server] Plugin mysql_native_password reported: ''mysql_native_password' is deprecated and will be removed in a future release. Please use caching_sha2_password instead'
2024-12-18T15:20:13.860541-00:00 70 [Warning] [MY-013360] [Server] Plugin mysql_native_password reported: ''mysql_native_password' is deprecated and will be removed in a future release. Please use caching_sha2_password instead'
2024-12-18T15:22:13.800444-00:00 71 [Warning] [MY-013360] [Server] Plugin mysql_native_password reported: ''mysql_native_password' is deprecated and will be removed in a future release. Please use caching_sha2_password instead'
2024-12-18T15:22:14.696374-00:00 72 [Warning] [MY-013360] [Server] Plugin mysql_native_password reported: ''mysql_native_password' is deprecated and will be removed in a future release. Please use caching_sha2_password instead'
2024-12-18T15:24:14.806177-00:00 73 [Warning] [MY-013360] [Server] Plugin mysql_native_password reported: ''mysql_native_password' is deprecated and will be removed in a future release. Please use caching_sha2_password instead'
2024-12-18T15:24:16.179952-00:00 74 [Warning] [MY-013360] [Server] Plugin mysql_native_password reported: ''mysql_native_password' is deprecated and will be removed in a future release. Please use caching_sha2_password instead'
2024-12-18T15:26:15.830323-00:00 75 [Warning] [MY-013360] [Server] Plugin mysql_native_password reported: ''mysql_native_password' is deprecated and will be removed in a future release. Please use caching_sha2_password instead'
2024-12-18T15:26:16.948781-00:00 76 [Warning] [MY-013360] [Server] Plugin mysql_native_password reported: ''mysql_native_password' is deprecated and will be removed in a future release. Please use caching_sha2_password instead'
2024-12-18T15:28:16.803184-00:00 77 [Warning] [MY-013360] [Server] Plugin mysql_native_password reported: ''mysql_native_password' is deprecated and will be removed in a future release. Please use caching_sha2_password instead'
2024-12-18T15:28:17.721659-00:00 78 [Warning] [MY-013360] [Server] Plugin mysql_native_password reported: ''mysql_native_password' is deprecated and will be removed in a future release. Please use caching_sha2_password instead'
2024-12-18T15:30:17.854639-00:00 79 [Warning] [MY-013360] [Server] Plugin mysql_native_password reported: ''mysql_native_password' is deprecated and will be removed in a future release. Please use caching_sha2_password instead'
2024-12-18T15:30:19.032142-00:00 80 [Warning] [MY-013360] [Server] Plugin mysql_native_password reported: ''mysql_native_password' is deprecated and will be removed in a future release. Please use caching_sha2_password instead'
2024-12-18T15:32:18.862910-00:00 81 [Warning] [MY-013360] [Server] Plugin mysql_native_password reported: ''mysql_native_password' is deprecated and will be removed in a future release. Please use caching_sha2_password instead'
2024-12-18T15:32:19.956562-00:00 82 [Warning] [MY-013360] [Server] Plugin mysql_native_password reported: ''mysql_native_password' is deprecated and will be removed in a future release. Please use caching_sha2_password instead'
2024-12-18T15:34:19.874188-00:00 83 [Warning] [MY-013360] [Server] Plugin mysql_native_password reported: ''mysql_native_password' is deprecated and will be removed in a future release. Please use caching_sha2_password instead'
2024-12-18T15:34:21.583571-00:00 84 [Warning] [MY-013360] [Server] Plugin mysql_native_password reported: ''mysql_native_password' is deprecated and will be removed in a future release. Please use caching_sha2_password instead'
2024-12-18T15:36:20.887321-00:00 85 [Warning] [MY-013360] [Server] Plugin mysql_native_password reported: ''mysql_native_password' is deprecated and will be removed in a future release. Please use caching_sha2_password instead'
2024-12-18T15:36:22.462536-00:00 86 [Warning] [MY-013360] [Server] Plugin mysql_native_password reported: ''mysql_native_password' is deprecated and will be removed in a future release. Please use caching_sha2_password instead'
2024-12-18T15:38:21.838981-00:00 87 [Warning] [MY-013360] [Server] Plugin mysql_native_password reported: ''mysql_native_password' is deprecated and will be removed in a future release. Please use caching_sha2_password instead'
2024-12-18T15:38:23.011046-00:00 88 [Warning] [MY-013360] [Server] Plugin mysql_native_password reported: ''mysql_native_password' is deprecated and will be removed in a future release. Please use caching_sha2_password instead'
2024-12-18T15:40:22.859595-00:00 89 [Warning] [MY-013360] [Server] Plugin mysql_native_password reported: ''mysql_native_password' is deprecated and will be removed in a future release. Please use caching_sha2_password instead'
2024-12-18T15:40:24.242855-00:00 90 [Warning] [MY-013360] [Server] Plugin mysql_native_password reported: ''mysql_native_password' is deprecated and will be removed in a future release. Please use caching_sha2_password instead'
2024-12-18T15:42:23.827886-00:00 91 [Warning] [MY-013360] [Server] Plugin mysql_native_password reported: ''mysql_native_password' is deprecated and will be removed in a future release. Please use caching_sha2_password instead'
2024-12-18T15:42:25.404898-00:00 92 [Warning] [MY-013360] [Server] Plugin mysql_native_password reported: ''mysql_native_password' is deprecated and will be removed in a future release. Please use caching_sha2_password instead'
2024-12-18T16:03:31.750822-00:00 0 [System] [MY-013105] [Server] E:\Server\OSPanel\modules\MySQL-8.0\bin\mysqld.exe: Normal shutdown.
2024-12-18T16:03:32.757514-00:00 0 [Note] [MY-010067] [Server] Giving 1 client threads a chance to die gracefully
2024-12-18T16:03:32.757603-00:00 0 [Note] [MY-010117] [Server] Shutting down replica threads
2024-12-18T16:03:32.763096-00:00 0 [Note] [MY-010054] [Server] Event Scheduler: Killing the scheduler thread, thread id 5
2024-12-18T16:03:32.763134-00:00 0 [Note] [MY-010050] [Server] Event Scheduler: Waiting for the scheduler thread to reply
2024-12-18T16:03:32.763723-00:00 0 [Note] [MY-010048] [Server] Event Scheduler: Stopped
2024-12-18T16:03:32.763746-00:00 0 [Note] [MY-010118] [Server] Forcefully disconnecting 0 remaining clients
2024-12-18T16:03:32.763767-00:00 0 [Note] [MY-010043] [Server] Event Scheduler: Purging the queue. 0 events
2024-12-18T16:03:32.772622-00:00 0 [Note] [MY-012330] [InnoDB] FTS optimize thread exiting.
2024-12-18T16:03:33.612291-00:00 0 [Note] [MY-010120] [Server] Binlog end
2024-12-18T16:03:33.630716-00:00 0 [Note] [MY-010733] [Server] Shutting down plugin 'mysqlx'
2024-12-18T16:03:33.633990-00:00 0 [Note] [MY-010733] [Server] Shutting down plugin 'mysqlx_cache_cleaner'
2024-12-18T16:03:33.634021-00:00 0 [Note] [MY-010733] [Server] Shutting down plugin 'ngram'
2024-12-18T16:03:33.634037-00:00 0 [Note] [MY-010733] [Server] Shutting down plugin 'BLACKHOLE'
2024-12-18T16:03:33.634085-00:00 0 [Note] [MY-010733] [Server] Shutting down plugin 'ARCHIVE'
2024-12-18T16:03:33.634096-00:00 0 [Note] [MY-010733] [Server] Shutting down plugin 'TempTable'
2024-12-18T16:03:33.634103-00:00 0 [Note] [MY-010733] [Server] Shutting down plugin 'PERFORMANCE_SCHEMA'
2024-12-18T16:03:33.634226-00:00 0 [Note] [MY-010733] [Server] Shutting down plugin 'MRG_MYISAM'
2024-12-18T16:03:33.634577-00:00 0 [Note] [MY-010733] [Server] Shutting down plugin 'MyISAM'
2024-12-18T16:03:33.635130-00:00 0 [Note] [MY-010733] [Server] Shutting down plugin 'INNODB_SESSION_TEMP_TABLESPACES'
2024-12-18T16:03:33.635148-00:00 0 [Note] [MY-010733] [Server] Shutting down plugin 'INNODB_CACHED_INDEXES'
2024-12-18T16:03:33.635157-00:00 0 [Note] [MY-010733] [Server] Shutting down plugin 'INNODB_VIRTUAL'
2024-12-18T16:03:33.635164-00:00 0 [Note] [MY-010733] [Server] Shutting down plugin 'INNODB_COLUMNS'
2024-12-18T16:03:33.635175-00:00 0 [Note] [MY-010733] [Server] Shutting down plugin 'INNODB_TABLESPACES'
2024-12-18T16:03:33.635182-00:00 0 [Note] [MY-010733] [Server] Shutting down plugin 'INNODB_INDEXES'
2024-12-18T16:03:33.635189-00:00 0 [Note] [MY-010733] [Server] Shutting down plugin 'INNODB_TABLESTATS'
2024-12-18T16:03:33.635197-00:00 0 [Note] [MY-010733] [Server] Shutting down plugin 'INNODB_TABLES'
2024-12-18T16:03:33.635203-00:00 0 [Note] [MY-010733] [Server] Shutting down plugin 'INNODB_FT_INDEX_TABLE'
2024-12-18T16:03:33.635212-00:00 0 [Note] [MY-010733] [Server] Shutting down plugin 'INNODB_FT_INDEX_CACHE'
2024-12-18T16:03:33.635219-00:00 0 [Note] [MY-010733] [Server] Shutting down plugin 'INNODB_FT_CONFIG'
2024-12-18T16:03:33.635229-00:00 0 [Note] [MY-010733] [Server] Shutting down plugin 'INNODB_FT_BEING_DELETED'
2024-12-18T16:03:33.635236-00:00 0 [Note] [MY-010733] [Server] Shutting down plugin 'INNODB_FT_DELETED'
2024-12-18T16:03:33.635243-00:00 0 [Note] [MY-010733] [Server] Shutting down plugin 'INNODB_FT_DEFAULT_STOPWORD'
2024-12-18T16:03:33.635251-00:00 0 [Note] [MY-010733] [Server] Shutting down plugin 'INNODB_METRICS'
2024-12-18T16:03:33.635259-00:00 0 [Note] [MY-010733] [Server] Shutting down plugin 'INNODB_TEMP_TABLE_INFO'
2024-12-18T16:03:33.635267-00:00 0 [Note] [MY-010733] [Server] Shutting down plugin 'INNODB_BUFFER_POOL_STATS'
2024-12-18T16:03:33.635275-00:00 0 [Note] [MY-010733] [Server] Shutting down plugin 'INNODB_BUFFER_PAGE_LRU'
2024-12-18T16:03:33.635282-00:00 0 [Note] [MY-010733] [Server] Shutting down plugin 'INNODB_BUFFER_PAGE'
2024-12-18T16:03:33.635291-00:00 0 [Note] [MY-010733] [Server] Shutting down plugin 'INNODB_CMP_PER_INDEX_RESET'
2024-12-18T16:03:33.635298-00:00 0 [Note] [MY-010733] [Server] Shutting down plugin 'INNODB_CMP_PER_INDEX'
2024-12-18T16:03:33.635306-00:00 0 [Note] [MY-010733] [Server] Shutting down plugin 'INNODB_CMPMEM_RESET'
2024-12-18T16:03:33.635313-00:00 0 [Note] [MY-010733] [Server] Shutting down plugin 'INNODB_CMPMEM'
2024-12-18T16:03:33.635320-00:00 0 [Note] [MY-010733] [Server] Shutting down plugin 'INNODB_CMP_RESET'
2024-12-18T16:03:33.635329-00:00 0 [Note] [MY-010733] [Server] Shutting down plugin 'INNODB_CMP'
2024-12-18T16:03:33.635337-00:00 0 [Note] [MY-010733] [Server] Shutting down plugin 'INNODB_TRX'
2024-12-18T16:03:33.635347-00:00 0 [Note] [MY-010733] [Server] Shutting down plugin 'InnoDB'
2024-12-18T16:03:33.636046-00:00 0 [Note] [MY-013072] [InnoDB] Starting shutdown...
2024-12-18T16:03:33.637168-00:00 0 [Note] [MY-011944] [InnoDB] Dumping buffer pool(s) to E:\Server\OSPanel\data\MySQL-8.0\default\ib_buffer_pool
2024-12-18T16:03:33.643314-00:00 0 [Note] [MY-011944] [InnoDB] Buffer pool(s) dump completed at 241218 19:03:33
2024-12-18T16:03:33.821182-00:00 0 [Note] [MY-013084] [InnoDB] Log background threads are being closed...
2024-12-18T16:03:33.990045-00:00 0 [Note] [MY-013854] [InnoDB] Bytes written to disk by DBLWR (ON): 45809664
2024-12-18T16:03:33.990338-00:00 0 [Note] [MY-012980] [InnoDB] Shutdown completed; log sequence number 385912819
2024-12-18T16:03:33.990851-00:00 0 [Note] [MY-012255] [InnoDB] Removed temporary tablespace data file: "ibtmp1"
2024-12-18T16:03:33.990885-00:00 0 [Note] [MY-010733] [Server] Shutting down plugin 'MEMORY'
2024-12-18T16:03:33.990899-00:00 0 [Note] [MY-010733] [Server] Shutting down plugin 'CSV'
2024-12-18T16:03:33.990912-00:00 0 [Note] [MY-010733] [Server] Shutting down plugin 'daemon_keyring_proxy_plugin'
2024-12-18T16:03:33.990938-00:00 0 [Note] [MY-010733] [Server] Shutting down plugin 'sha2_cache_cleaner'
2024-12-18T16:03:33.990948-00:00 0 [Note] [MY-010733] [Server] Shutting down plugin 'caching_sha2_password'
2024-12-18T16:03:33.990959-00:00 0 [Note] [MY-010733] [Server] Shutting down plugin 'sha256_password'
2024-12-18T16:03:33.990967-00:00 0 [Note] [MY-010733] [Server] Shutting down plugin 'mysql_native_password'
2024-12-18T16:03:33.991523-00:00 0 [Note] [MY-010733] [Server] Shutting down plugin 'binlog'
2024-12-18T16:03:34.001050-00:00 0 [System] [MY-010910] [Server] E:\Server\OSPanel\modules\MySQL-8.0\bin\mysqld.exe: Shutdown complete (mysqld 8.0.35)  MySQL Community Server - GPL.
